2013/01/06 07:49:14 [error] [exception.Exception] exception 'Exception' with message 'Getting content length is not supported.' in C:\xampp\htdocs\jotg\protected\extensions\EAjaxUpload\qqFileUploader.php:34
Stack trace:
#0 C:\xampp\htdocs\jotg\protected\extensions\EAjaxUpload\qqFileUploader.php(136): qqUploadedFileXhr->getSize()
#1 C:\xampp\htdocs\jotg\protected\controllers\EntryController.php(54): qqFileUploader->handleUpload('upload/')
#2 C:\xampp\htdocs\yii\framework\web\actions\CInlineAction.php(50): EntryController->actionUpload()
#3 C:\xampp\htdocs\yii\framework\web\CController.php(309): CInlineAction->runWithParams(Array)
#4 C:\xampp\htdocs\yii\framework\web\filters\CFilterChain.php(134): CController->runAction(Object(CInlineAction))
#5 C:\xampp\htdocs\yii\framework\web\filters\CFilter.php(41): CFilterChain->run()
#6 C:\xampp\htdocs\yii\framework\web\CController.php(1146): CFilter->filter(Object(CFilterChain))
#7 C:\xampp\htdocs\yii\framework\web\filters\CInlineFilter.php(59): CController->filterAccessControl(Object(CFilterChain))
#8 C:\xampp\htdocs\yii\framework\web\filters\CFilterChain.php(131): CInlineFilter->filter(Object(CFilterChain))
#9 C:\xampp\htdocs\yii\framework\web\CController.php(292): CFilterChain->run()
#10 C:\xampp\htdocs\yii\framework\web\CController.php(266): CController->runActionWithFilters(Object(CInlineAction), Array)
#11 C:\xampp\htdocs\yii\framework\web\CWebApplication.php(283): CController->run('upload')
#12 C:\xampp\htdocs\yii\framework\web\CWebApplication.php(142): CWebApplication->runController('entry/upload')
#13 C:\xampp\htdocs\yii\framework\base\CApplication.php(162): CWebApplication->processRequest()
#14 C:\xampp\htdocs\jotg\index.php(93): CApplication->run()
#15 {main}
REQUEST_URI=/jotg/entry/upload?PHPSESSID=6fua1mlsq4l4prj9fkbrvan9s3&YII_CSRF_TOKEN=061c08b2e73eac9cd72fe6e423b73bf034a761b9&qqfile=Koala.jpg
---
2013/01/06 07:50:35 [error] [exception.Exception] exception 'Exception' with message 'Getting content length is not supported.' in C:\xampp\htdocs\jotg\protected\extensions\EAjaxUpload\qqFileUploader.php:34
Stack trace:
#0 C:\xampp\htdocs\jotg\protected\extensions\EAjaxUpload\qqFileUploader.php(136): qqUploadedFileXhr->getSize()
#1 C:\xampp\htdocs\jotg\protected\controllers\EntryController.php(56): qqFileUploader->handleUpload('upload/')
#2 C:\xampp\htdocs\yii\framework\web\actions\CInlineAction.php(50): EntryController->actionUpload()
#3 C:\xampp\htdocs\yii\framework\web\CController.php(309): CInlineAction->runWithParams(Array)
#4 C:\xampp\htdocs\yii\framework\web\filters\CFilterChain.php(134): CController->runAction(Object(CInlineAction))
#5 C:\xampp\htdocs\yii\framework\web\filters\CFilter.php(41): CFilterChain->run()
#6 C:\xampp\htdocs\yii\framework\web\CController.php(1146): CFilter->filter(Object(CFilterChain))
#7 C:\xampp\htdocs\yii\framework\web\filters\CInlineFilter.php(59): CController->filterAccessControl(Object(CFilterChain))
#8 C:\xampp\htdocs\yii\framework\web\filters\CFilterChain.php(131): CInlineFilter->filter(Object(CFilterChain))
#9 C:\xampp\htdocs\yii\framework\web\CController.php(292): CFilterChain->run()
#10 C:\xampp\htdocs\yii\framework\web\CController.php(266): CController->runActionWithFilters(Object(CInlineAction), Array)
#11 C:\xampp\htdocs\yii\framework\web\CWebApplication.php(283): CController->run('upload')
#12 C:\xampp\htdocs\yii\framework\web\CWebApplication.php(142): CWebApplication->runController('entry/upload')
#13 C:\xampp\htdocs\yii\framework\base\CApplication.php(162): CWebApplication->processRequest()
#14 C:\xampp\htdocs\jotg\index.php(93): CApplication->run()
#15 {main}
REQUEST_URI=/jotg/entry/upload?PHPSESSID=6fua1mlsq4l4prj9fkbrvan9s3&YII_CSRF_TOKEN=061c08b2e73eac9cd72fe6e423b73bf034a761b9&qqfile=Koala.jpg
---
2013/01/06 07:50:40 [error] [exception.Exception] exception 'Exception' with message 'Getting content length is not supported.' in C:\xampp\htdocs\jotg\protected\extensions\EAjaxUpload\qqFileUploader.php:34
Stack trace:
#0 C:\xampp\htdocs\jotg\protected\extensions\EAjaxUpload\qqFileUploader.php(136): qqUploadedFileXhr->getSize()
#1 C:\xampp\htdocs\jotg\protected\controllers\EntryController.php(56): qqFileUploader->handleUpload('upload/')
#2 C:\xampp\htdocs\yii\framework\web\actions\CInlineAction.php(50): EntryController->actionUpload()
#3 C:\xampp\htdocs\yii\framework\web\CController.php(309): CInlineAction->runWithParams(Array)
#4 C:\xampp\htdocs\yii\framework\web\filters\CFilterChain.php(134): CController->runAction(Object(CInlineAction))
#5 C:\xampp\htdocs\yii\framework\web\filters\CFilter.php(41): CFilterChain->run()
#6 C:\xampp\htdocs\yii\framework\web\CController.php(1146): CFilter->filter(Object(CFilterChain))
#7 C:\xampp\htdocs\yii\framework\web\filters\CInlineFilter.php(59): CController->filterAccessControl(Object(CFilterChain))
#8 C:\xampp\htdocs\yii\framework\web\filters\CFilterChain.php(131): CInlineFilter->filter(Object(CFilterChain))
#9 C:\xampp\htdocs\yii\framework\web\CController.php(292): CFilterChain->run()
#10 C:\xampp\htdocs\yii\framework\web\CController.php(266): CController->runActionWithFilters(Object(CInlineAction), Array)
#11 C:\xampp\htdocs\yii\framework\web\CWebApplication.php(283): CController->run('upload')
#12 C:\xampp\htdocs\yii\framework\web\CWebApplication.php(142): CWebApplication->runController('entry/upload')
#13 C:\xampp\htdocs\yii\framework\base\CApplication.php(162): CWebApplication->processRequest()
#14 C:\xampp\htdocs\jotg\index.php(93): CApplication->run()
#15 {main}
REQUEST_URI=/jotg/entry/upload?PHPSESSID=6fua1mlsq4l4prj9fkbrvan9s3&YII_CSRF_TOKEN=061c08b2e73eac9cd72fe6e423b73bf034a761b9&qqfile=Koala.jpg
---
2013/01/06 07:51:45 [error] [exception.Exception] exception 'Exception' with message 'Getting content length is not supported.' in C:\xampp\htdocs\jotg\protected\extensions\EAjaxUpload\qqFileUploader.php:34
Stack trace:
#0 C:\xampp\htdocs\jotg\protected\extensions\EAjaxUpload\qqFileUploader.php(136): qqUploadedFileXhr->getSize()
#1 C:\xampp\htdocs\jotg\protected\controllers\EntryController.php(54): qqFileUploader->handleUpload('upload/')
#2 C:\xampp\htdocs\yii\framework\web\actions\CInlineAction.php(50): EntryController->actionUpload()
#3 C:\xampp\htdocs\yii\framework\web\CController.php(309): CInlineAction->runWithParams(Array)
#4 C:\xampp\htdocs\yii\framework\web\filters\CFilterChain.php(134): CController->runAction(Object(CInlineAction))
#5 C:\xampp\htdocs\yii\framework\web\filters\CFilter.php(41): CFilterChain->run()
#6 C:\xampp\htdocs\yii\framework\web\CController.php(1146): CFilter->filter(Object(CFilterChain))
#7 C:\xampp\htdocs\yii\framework\web\filters\CInlineFilter.php(59): CController->filterAccessControl(Object(CFilterChain))
#8 C:\xampp\htdocs\yii\framework\web\filters\CFilterChain.php(131): CInlineFilter->filter(Object(CFilterChain))
#9 C:\xampp\htdocs\yii\framework\web\CController.php(292): CFilterChain->run()
#10 C:\xampp\htdocs\yii\framework\web\CController.php(266): CController->runActionWithFilters(Object(CInlineAction), Array)
#11 C:\xampp\htdocs\yii\framework\web\CWebApplication.php(283): CController->run('upload')
#12 C:\xampp\htdocs\yii\framework\web\CWebApplication.php(142): CWebApplication->runController('entry/upload')
#13 C:\xampp\htdocs\yii\framework\base\CApplication.php(162): CWebApplication->processRequest()
#14 C:\xampp\htdocs\jotg\index.php(93): CApplication->run()
#15 {main}
REQUEST_URI=/jotg/entry/upload?PHPSESSID=6fua1mlsq4l4prj9fkbrvan9s3&YII_CSRF_TOKEN=061c08b2e73eac9cd72fe6e423b73bf034a761b9&qqfile=Koala.jpg
---
2013/01/06 07:58:48 [error] [php] S3::putObject(): [52] Empty reply from server (C:\xampp\htdocs\jotg\protected\extensions\s3\S3.php:358)
Stack trace:
#0 C:\xampp\htdocs\jotg\protected\extensions\s3\ES3.php(81): putObjectFile()
#1 C:\xampp\htdocs\jotg\protected\controllers\EntryController.php(58): ES3->upload()
#2 C:\xampp\htdocs\yii\framework\web\actions\CInlineAction.php(50): EntryController->actionUpload()
#3 C:\xampp\htdocs\yii\framework\web\CController.php(309): CInlineAction->runWithParams()
#4 C:\xampp\htdocs\yii\framework\web\filters\CFilterChain.php(134): EntryController->runAction()
#5 C:\xampp\htdocs\yii\framework\web\filters\CFilter.php(41): CFilterChain->run()
#6 C:\xampp\htdocs\yii\framework\web\CController.php(1146): CAccessControlFilter->filter()
#7 C:\xampp\htdocs\yii\framework\web\filters\CInlineFilter.php(59): EntryController->filterAccessControl()
#8 C:\xampp\htdocs\yii\framework\web\filters\CFilterChain.php(131): CInlineFilter->filter()
#9 C:\xampp\htdocs\yii\framework\web\CController.php(292): CFilterChain->run()
#10 C:\xampp\htdocs\yii\framework\web\CController.php(266): EntryController->runActionWithFilters()
#11 C:\xampp\htdocs\yii\framework\web\CWebApplication.php(283): EntryController->run()
#12 C:\xampp\htdocs\yii\framework\web\CWebApplication.php(142): CWebApplication->runController()
#13 C:\xampp\htdocs\yii\framework\base\CApplication.php(162): CWebApplication->processRequest()
#14 C:\xampp\htdocs\jotg\index.php(93): CWebApplication->run()
REQUEST_URI=/jotg/entry/upload?PHPSESSID=6fua1mlsq4l4prj9fkbrvan9s3&YII_CSRF_TOKEN=061c08b2e73eac9cd72fe6e423b73bf034a761b9&qqfile=Jellyfish.jpg
in C:\xampp\htdocs\jotg\protected\extensions\s3\S3.php (358)
in C:\xampp\htdocs\jotg\protected\extensions\s3\S3.php (377)
in C:\xampp\htdocs\jotg\protected\extensions\s3\ES3.php (81)
2013/01/06 08:00:14 [error] [php] S3::putObject(): [52] Empty reply from server (C:\xampp\htdocs\jotg\protected\extensions\s3\S3.php:358)
Stack trace:
#0 C:\xampp\htdocs\jotg\protected\extensions\s3\ES3.php(81): putObjectFile()
#1 C:\xampp\htdocs\jotg\protected\controllers\EntryController.php(58): ES3->upload()
#2 C:\xampp\htdocs\yii\framework\web\actions\CInlineAction.php(50): EntryController->actionUpload()
#3 C:\xampp\htdocs\yii\framework\web\CController.php(309): CInlineAction->runWithParams()
#4 C:\xampp\htdocs\yii\framework\web\filters\CFilterChain.php(134): EntryController->runAction()
#5 C:\xampp\htdocs\yii\framework\web\filters\CFilter.php(41): CFilterChain->run()
#6 C:\xampp\htdocs\yii\framework\web\CController.php(1146): CAccessControlFilter->filter()
#7 C:\xampp\htdocs\yii\framework\web\filters\CInlineFilter.php(59): EntryController->filterAccessControl()
#8 C:\xampp\htdocs\yii\framework\web\filters\CFilterChain.php(131): CInlineFilter->filter()
#9 C:\xampp\htdocs\yii\framework\web\CController.php(292): CFilterChain->run()
#10 C:\xampp\htdocs\yii\framework\web\CController.php(266): EntryController->runActionWithFilters()
#11 C:\xampp\htdocs\yii\framework\web\CWebApplication.php(283): EntryController->run()
#12 C:\xampp\htdocs\yii\framework\web\CWebApplication.php(142): CWebApplication->runController()
#13 C:\xampp\htdocs\yii\framework\base\CApplication.php(162): CWebApplication->processRequest()
#14 C:\xampp\htdocs\jotg\index.php(93): CWebApplication->run()
REQUEST_URI=/jotg/entry/upload?PHPSESSID=6fua1mlsq4l4prj9fkbrvan9s3&YII_CSRF_TOKEN=061c08b2e73eac9cd72fe6e423b73bf034a761b9&qqfile=Hydrangeas.jpg
in C:\xampp\htdocs\jotg\protected\extensions\s3\S3.php (358)
in C:\xampp\htdocs\jotg\protected\extensions\s3\S3.php (377)
in C:\xampp\htdocs\jotg\protected\extensions\s3\ES3.php (81)
2013/01/06 08:01:47 [error] [exception.Exception] exception 'Exception' with message 'Getting content length is not supported.' in C:\xampp\htdocs\jotg\protected\extensions\EAjaxUpload\qqFileUploader.php:34
Stack trace:
#0 C:\xampp\htdocs\jotg\protected\extensions\EAjaxUpload\qqFileUploader.php(136): qqUploadedFileXhr->getSize()
#1 C:\xampp\htdocs\jotg\protected\controllers\EntryController.php(54): qqFileUploader->handleUpload('upload/')
#2 C:\xampp\htdocs\yii\framework\web\actions\CInlineAction.php(50): EntryController->actionUpload()
#3 C:\xampp\htdocs\yii\framework\web\CController.php(309): CInlineAction->runWithParams(Array)
#4 C:\xampp\htdocs\yii\framework\web\filters\CFilterChain.php(134): CController->runAction(Object(CInlineAction))
#5 C:\xampp\htdocs\yii\framework\web\filters\CFilter.php(41): CFilterChain->run()
#6 C:\xampp\htdocs\yii\framework\web\CController.php(1146): CFilter->filter(Object(CFilterChain))
#7 C:\xampp\htdocs\yii\framework\web\filters\CInlineFilter.php(59): CController->filterAccessControl(Object(CFilterChain))
#8 C:\xampp\htdocs\yii\framework\web\filters\CFilterChain.php(131): CInlineFilter->filter(Object(CFilterChain))
#9 C:\xampp\htdocs\yii\framework\web\CController.php(292): CFilterChain->run()
#10 C:\xampp\htdocs\yii\framework\web\CController.php(266): CController->runActionWithFilters(Object(CInlineAction), Array)
#11 C:\xampp\htdocs\yii\framework\web\CWebApplication.php(283): CController->run('upload')
#12 C:\xampp\htdocs\yii\framework\web\CWebApplication.php(142): CWebApplication->runController('entry/upload')
#13 C:\xampp\htdocs\yii\framework\base\CApplication.php(162): CWebApplication->processRequest()
#14 C:\xampp\htdocs\jotg\index.php(93): CApplication->run()
#15 {main}
REQUEST_URI=/jotg/entry/upload?PHPSESSID=6fua1mlsq4l4prj9fkbrvan9s3&YII_CSRF_TOKEN=061c08b2e73eac9cd72fe6e423b73bf034a761b9&qqfile=Hydrangeas.jpg
---
2013/01/06 08:58:52 [error] [php] S3::putObject(): [52] Empty reply from server (C:\xampp\htdocs\jotg\protected\extensions\s3\S3.php:358)
Stack trace:
#0 C:\xampp\htdocs\jotg\protected\extensions\s3\ES3.php(81): putObjectFile()
#1 C:\xampp\htdocs\jotg\protected\controllers\EntryController.php(58): ES3->upload()
#2 C:\xampp\htdocs\yii\framework\web\actions\CInlineAction.php(50): EntryController->actionUpload()
#3 C:\xampp\htdocs\yii\framework\web\CController.php(309): CInlineAction->runWithParams()
#4 C:\xampp\htdocs\yii\framework\web\filters\CFilterChain.php(134): EntryController->runAction()
#5 C:\xampp\htdocs\yii\framework\web\filters\CFilter.php(41): CFilterChain->run()
#6 C:\xampp\htdocs\yii\framework\web\CController.php(1146): CAccessControlFilter->filter()
#7 C:\xampp\htdocs\yii\framework\web\filters\CInlineFilter.php(59): EntryController->filterAccessControl()
#8 C:\xampp\htdocs\yii\framework\web\filters\CFilterChain.php(131): CInlineFilter->filter()
#9 C:\xampp\htdocs\yii\framework\web\CController.php(292): CFilterChain->run()
#10 C:\xampp\htdocs\yii\framework\web\CController.php(266): EntryController->runActionWithFilters()
#11 C:\xampp\htdocs\yii\framework\web\CWebApplication.php(283): EntryController->run()
#12 C:\xampp\htdocs\yii\framework\web\CWebApplication.php(142): CWebApplication->runController()
#13 C:\xampp\htdocs\yii\framework\base\CApplication.php(162): CWebApplication->processRequest()
#14 C:\xampp\htdocs\jotg\index.php(93): CWebApplication->run()
REQUEST_URI=/jotg/entry/upload?PHPSESSID=u2t0sfk1kifknne11ho9bdj1i0&YII_CSRF_TOKEN=be1e2792f7271fd4ba88ba6461475e4796457f81&qqfile=Lighthouse.jpg
in C:\xampp\htdocs\jotg\protected\extensions\s3\S3.php (358)
in C:\xampp\htdocs\jotg\protected\extensions\s3\S3.php (377)
in C:\xampp\htdocs\jotg\protected\extensions\s3\ES3.php (81)
2013/01/06 09:01:24 [error] [php] S3::putObject(): [52] Empty reply from server (C:\xampp\htdocs\jotg\protected\extensions\s3\S3.php:358)
Stack trace:
#0 C:\xampp\htdocs\jotg\protected\extensions\s3\ES3.php(81): putObjectFile()
#1 C:\xampp\htdocs\jotg\protected\controllers\EntryController.php(58): ES3->upload()
#2 C:\xampp\htdocs\yii\framework\web\actions\CInlineAction.php(50): EntryController->actionUpload()
#3 C:\xampp\htdocs\yii\framework\web\CController.php(309): CInlineAction->runWithParams()
#4 C:\xampp\htdocs\yii\framework\web\filters\CFilterChain.php(134): EntryController->runAction()
#5 C:\xampp\htdocs\yii\framework\web\filters\CFilter.php(41): CFilterChain->run()
#6 C:\xampp\htdocs\yii\framework\web\CController.php(1146): CAccessControlFilter->filter()
#7 C:\xampp\htdocs\yii\framework\web\filters\CInlineFilter.php(59): EntryController->filterAccessControl()
#8 C:\xampp\htdocs\yii\framework\web\filters\CFilterChain.php(131): CInlineFilter->filter()
#9 C:\xampp\htdocs\yii\framework\web\CController.php(292): CFilterChain->run()
#10 C:\xampp\htdocs\yii\framework\web\CController.php(266): EntryController->runActionWithFilters()
#11 C:\xampp\htdocs\yii\framework\web\CWebApplication.php(283): EntryController->run()
#12 C:\xampp\htdocs\yii\framework\web\CWebApplication.php(142): CWebApplication->runController()
#13 C:\xampp\htdocs\yii\framework\base\CApplication.php(162): CWebApplication->processRequest()
#14 C:\xampp\htdocs\jotg\index.php(93): CWebApplication->run()
REQUEST_URI=/jotg/entry/upload?PHPSESSID=u2t0sfk1kifknne11ho9bdj1i0&YII_CSRF_TOKEN=be1e2792f7271fd4ba88ba6461475e4796457f81&qqfile=Lighthouse.jpg
in C:\xampp\htdocs\jotg\protected\extensions\s3\S3.php (358)
in C:\xampp\htdocs\jotg\protected\extensions\s3\S3.php (377)
in C:\xampp\htdocs\jotg\protected\extensions\s3\ES3.php (81)
2013/01/06 09:25:23 [error] [exception.CHttpException.404] exception 'CHttpException' with message 'The system is unable to find the requested action "deletePhoto".' in C:\xampp\htdocs\yii\framework\web\CController.php:484
Stack trace:
#0 C:\xampp\htdocs\yii\framework\web\CController.php(271): CController->missingAction('deletePhoto')
#1 C:\xampp\htdocs\yii\framework\web\CWebApplication.php(283): CController->run('deletePhoto')
#2 C:\xampp\htdocs\yii\framework\web\CWebApplication.php(142): CWebApplication->runController('entry/deletePho...')
#3 C:\xampp\htdocs\yii\framework\base\CApplication.php(162): CWebApplication->processRequest()
#4 C:\xampp\htdocs\jotg\index.php(93): CApplication->run()
#5 {main}
REQUEST_URI=/jotg/entry/deletePhoto
HTTP_REFERER=http://localhost/jotg/entry/create
---
2013/01/06 09:35:01 [error] [php] S3::putObject(): [52] Empty reply from server (C:\xampp\htdocs\jotg\protected\extensions\s3\S3.php:358)
Stack trace:
#0 C:\xampp\htdocs\jotg\protected\extensions\s3\ES3.php(81): putObjectFile()
#1 C:\xampp\htdocs\jotg\protected\controllers\EntryController.php(58): ES3->upload()
#2 C:\xampp\htdocs\yii\framework\web\actions\CInlineAction.php(50): EntryController->actionUpload()
#3 C:\xampp\htdocs\yii\framework\web\CController.php(309): CInlineAction->runWithParams()
#4 C:\xampp\htdocs\yii\framework\web\filters\CFilterChain.php(134): EntryController->runAction()
#5 C:\xampp\htdocs\yii\framework\web\filters\CFilter.php(41): CFilterChain->run()
#6 C:\xampp\htdocs\yii\framework\web\CController.php(1146): CAccessControlFilter->filter()
#7 C:\xampp\htdocs\yii\framework\web\filters\CInlineFilter.php(59): EntryController->filterAccessControl()
#8 C:\xampp\htdocs\yii\framework\web\filters\CFilterChain.php(131): CInlineFilter->filter()
#9 C:\xampp\htdocs\yii\framework\web\CController.php(292): CFilterChain->run()
#10 C:\xampp\htdocs\yii\framework\web\CController.php(266): EntryController->runActionWithFilters()
#11 C:\xampp\htdocs\yii\framework\web\CWebApplication.php(283): EntryController->run()
#12 C:\xampp\htdocs\yii\framework\web\CWebApplication.php(142): CWebApplication->runController()
#13 C:\xampp\htdocs\yii\framework\base\CApplication.php(162): CWebApplication->processRequest()
#14 C:\xampp\htdocs\jotg\index.php(93): CWebApplication->run()
REQUEST_URI=/jotg/entry/upload?PHPSESSID=6fua1mlsq4l4prj9fkbrvan9s3&YII_CSRF_TOKEN=061c08b2e73eac9cd72fe6e423b73bf034a761b9&qqfile=Jellyfish.jpg
in C:\xampp\htdocs\jotg\protected\extensions\s3\S3.php (358)
in C:\xampp\htdocs\jotg\protected\extensions\s3\S3.php (377)
in C:\xampp\htdocs\jotg\protected\extensions\s3\ES3.php (81)
2013/01/06 09:36:37 [error] [php] S3::putObject(): [52] Empty reply from server (C:\xampp\htdocs\jotg\protected\extensions\s3\S3.php:358)
Stack trace:
#0 C:\xampp\htdocs\jotg\protected\extensions\s3\ES3.php(81): putObjectFile()
#1 C:\xampp\htdocs\jotg\protected\controllers\EntryController.php(58): ES3->upload()
#2 C:\xampp\htdocs\yii\framework\web\actions\CInlineAction.php(50): EntryController->actionUpload()
#3 C:\xampp\htdocs\yii\framework\web\CController.php(309): CInlineAction->runWithParams()
#4 C:\xampp\htdocs\yii\framework\web\filters\CFilterChain.php(134): EntryController->runAction()
#5 C:\xampp\htdocs\yii\framework\web\filters\CFilter.php(41): CFilterChain->run()
#6 C:\xampp\htdocs\yii\framework\web\CController.php(1146): CAccessControlFilter->filter()
#7 C:\xampp\htdocs\yii\framework\web\filters\CInlineFilter.php(59): EntryController->filterAccessControl()
#8 C:\xampp\htdocs\yii\framework\web\filters\CFilterChain.php(131): CInlineFilter->filter()
#9 C:\xampp\htdocs\yii\framework\web\CController.php(292): CFilterChain->run()
#10 C:\xampp\htdocs\yii\framework\web\CController.php(266): EntryController->runActionWithFilters()
#11 C:\xampp\htdocs\yii\framework\web\CWebApplication.php(283): EntryController->run()
#12 C:\xampp\htdocs\yii\framework\web\CWebApplication.php(142): CWebApplication->runController()
#13 C:\xampp\htdocs\yii\framework\base\CApplication.php(162): CWebApplication->processRequest()
#14 C:\xampp\htdocs\jotg\index.php(93): CWebApplication->run()
REQUEST_URI=/jotg/entry/upload?PHPSESSID=6fua1mlsq4l4prj9fkbrvan9s3&YII_CSRF_TOKEN=061c08b2e73eac9cd72fe6e423b73bf034a761b9&qqfile=Chrysanthemum.jpg
in C:\xampp\htdocs\jotg\protected\extensions\s3\S3.php (358)
in C:\xampp\htdocs\jotg\protected\extensions\s3\S3.php (377)
in C:\xampp\htdocs\jotg\protected\extensions\s3\ES3.php (81)
2013/01/06 09:40:51 [error] [php] S3::putObject(): [52] Empty reply from server (C:\xampp\htdocs\jotg\protected\extensions\s3\S3.php:358)
Stack trace:
#0 C:\xampp\htdocs\jotg\protected\extensions\s3\ES3.php(81): putObjectFile()
#1 C:\xampp\htdocs\jotg\protected\controllers\EntryController.php(58): ES3->upload()
#2 C:\xampp\htdocs\yii\framework\web\actions\CInlineAction.php(50): EntryController->actionUpload()
#3 C:\xampp\htdocs\yii\framework\web\CController.php(309): CInlineAction->runWithParams()
#4 C:\xampp\htdocs\yii\framework\web\filters\CFilterChain.php(134): EntryController->runAction()
#5 C:\xampp\htdocs\yii\framework\web\filters\CFilter.php(41): CFilterChain->run()
#6 C:\xampp\htdocs\yii\framework\web\CController.php(1146): CAccessControlFilter->filter()
#7 C:\xampp\htdocs\yii\framework\web\filters\CInlineFilter.php(59): EntryController->filterAccessControl()
#8 C:\xampp\htdocs\yii\framework\web\filters\CFilterChain.php(131): CInlineFilter->filter()
#9 C:\xampp\htdocs\yii\framework\web\CController.php(292): CFilterChain->run()
#10 C:\xampp\htdocs\yii\framework\web\CController.php(266): EntryController->runActionWithFilters()
#11 C:\xampp\htdocs\yii\framework\web\CWebApplication.php(283): EntryController->run()
#12 C:\xampp\htdocs\yii\framework\web\CWebApplication.php(142): CWebApplication->runController()
#13 C:\xampp\htdocs\yii\framework\base\CApplication.php(162): CWebApplication->processRequest()
#14 C:\xampp\htdocs\jotg\index.php(93): CWebApplication->run()
REQUEST_URI=/jotg/entry/upload?PHPSESSID=6fua1mlsq4l4prj9fkbrvan9s3&YII_CSRF_TOKEN=061c08b2e73eac9cd72fe6e423b73bf034a761b9&qqfile=Penguins.jpg
in C:\xampp\htdocs\jotg\protected\extensions\s3\S3.php (358)
in C:\xampp\htdocs\jotg\protected\extensions\s3\S3.php (377)
in C:\xampp\htdocs\jotg\protected\extensions\s3\ES3.php (81)
2013/01/06 09:43:10 [error] [php] S3::putObject(): [52] Empty reply from server (C:\xampp\htdocs\jotg\protected\extensions\s3\S3.php:358)
Stack trace:
#0 C:\xampp\htdocs\jotg\protected\extensions\s3\ES3.php(81): putObjectFile()
#1 C:\xampp\htdocs\jotg\protected\controllers\EntryController.php(58): ES3->upload()
#2 C:\xampp\htdocs\yii\framework\web\actions\CInlineAction.php(50): EntryController->actionUpload()
#3 C:\xampp\htdocs\yii\framework\web\CController.php(309): CInlineAction->runWithParams()
#4 C:\xampp\htdocs\yii\framework\web\filters\CFilterChain.php(134): EntryController->runAction()
#5 C:\xampp\htdocs\yii\framework\web\filters\CFilter.php(41): CFilterChain->run()
#6 C:\xampp\htdocs\yii\framework\web\CController.php(1146): CAccessControlFilter->filter()
#7 C:\xampp\htdocs\yii\framework\web\filters\CInlineFilter.php(59): EntryController->filterAccessControl()
#8 C:\xampp\htdocs\yii\framework\web\filters\CFilterChain.php(131): CInlineFilter->filter()
#9 C:\xampp\htdocs\yii\framework\web\CController.php(292): CFilterChain->run()
#10 C:\xampp\htdocs\yii\framework\web\CController.php(266): EntryController->runActionWithFilters()
#11 C:\xampp\htdocs\yii\framework\web\CWebApplication.php(283): EntryController->run()
#12 C:\xampp\htdocs\yii\framework\web\CWebApplication.php(142): CWebApplication->runController()
#13 C:\xampp\htdocs\yii\framework\base\CApplication.php(162): CWebApplication->processRequest()
#14 C:\xampp\htdocs\jotg\index.php(93): CWebApplication->run()
REQUEST_URI=/jotg/entry/upload?PHPSESSID=6fua1mlsq4l4prj9fkbrvan9s3&YII_CSRF_TOKEN=061c08b2e73eac9cd72fe6e423b73bf034a761b9&qqfile=Tulips.jpg
in C:\xampp\htdocs\jotg\protected\extensions\s3\S3.php (358)
in C:\xampp\htdocs\jotg\protected\extensions\s3\S3.php (377)
in C:\xampp\htdocs\jotg\protected\extensions\s3\ES3.php (81)
